2018-03-08 18:05:59 [scrapy.utils.log] INFO: Scrapy 1.4.0 started (bot: mga)
2018-03-08 18:05:59 [scrapy.utils.log] INFO: Overridden settings: {'DOWNLOAD_TIMEOUT': 360, 'NEWSPIDER_MODULE': 'mga.spiders', 'SPIDER_MODULES': ['mga.spiders'], 'LOG_FILE': 'license.log', 'BOT_NAME': 'mga'}
2018-03-08 18:05:59 [scrapy.middleware] INFO: Enabled extensions:
['scrapy.extensions.logstats.LogStats',
 'scrapy.extensions.telnet.TelnetConsole',
 'scrapy.extensions.corestats.CoreStats']
2018-03-08 18:05:59 [scrapy.middleware] INFO: Enabled downloader middlewares:
['scrapy.downloadermiddlewares.httpauth.HttpAuthMiddleware',
 'scrapy.downloadermiddlewares.downloadtimeout.DownloadTimeoutMiddleware',
 'scrapy.downloadermiddlewares.defaultheaders.DefaultHeadersMiddleware',
 'scrapy.downloadermiddlewares.useragent.UserAgentMiddleware',
 'scrapy.downloadermiddlewares.retry.RetryMiddleware',
 'scrapy.downloadermiddlewares.redirect.MetaRefreshMiddleware',
 'scrapy.downloadermiddlewares.httpcompression.HttpCompressionMiddleware',
 'scrapy.downloadermiddlewares.redirect.RedirectMiddleware',
 'scrapy.downloadermiddlewares.cookies.CookiesMiddleware',
 'scrapy.downloadermiddlewares.httpproxy.HttpProxyMiddleware',
 'scrapy.downloadermiddlewares.stats.DownloaderStats']
2018-03-08 18:05:59 [scrapy.middleware] INFO: Enabled spider middlewares:
['scrapy.spidermiddlewares.httperror.HttpErrorMiddleware',
 'scrapy.spidermiddlewares.offsite.OffsiteMiddleware',
 'scrapy.spidermiddlewares.referer.RefererMiddleware',
 'scrapy.spidermiddlewares.urllength.UrlLengthMiddleware',
 'scrapy.spidermiddlewares.depth.DepthMiddleware']
2018-03-08 18:05:59 [scrapy.middleware] INFO: Enabled item pipelines:
['mga.pipelines.MgaPipeline', 'mga.pipelines.MgaPipelineJson']
2018-03-08 18:05:59 [scrapy.core.engine] INFO: Spider opened
2018-03-08 18:06:00 [scrapy.extensions.logstats] INFO: Crawled 0 pages (at 0 pages/min), scraped 0 items (at 0 items/min)
2018-03-08 18:06:00 [scrapy.extensions.telnet] DEBUG: Telnet console listening on 127.0.0.1:6023
2018-03-08 18:06:32 [scrapy.core.engine] DEBUG: Crawled (200) <GET https://searchintegration.mga.org.mt/Results.aspx?Licencee=&Class=&Status=Licensed&URL=> (referer: https://searchintegration.mga.org.mt/)
2018-03-08 18:06:32 [scrapy.core.engine] INFO: Closing spider (finished)
2018-03-08 18:06:32 [scrapy.statscollectors] INFO: Dumping Scrapy stats:
{'downloader/request_bytes': 497,
 'downloader/request_count': 1,
 'downloader/request_method_count/GET': 1,
 'downloader/response_bytes': 52210,
 'downloader/response_count': 1,
 'downloader/response_status_count/200': 1,
 'finish_reason': 'finished',
 'finish_time': datetime.datetime(2018, 3, 8, 10, 6, 32, 624000),
 'log_count/DEBUG': 2,
 'log_count/INFO': 7,
 'response_received_count': 1,
 'scheduler/dequeued': 1,
 'scheduler/dequeued/memory': 1,
 'scheduler/enqueued': 1,
 'scheduler/enqueued/memory': 1,
 'start_time': datetime.datetime(2018, 3, 8, 10, 6, 0, 26000)}
2018-03-08 18:06:32 [scrapy.core.engine] INFO: Spider closed (finished)
2018-03-08 18:06:40 [scrapy.utils.log] INFO: Scrapy 1.4.0 started (bot: mga)
2018-03-08 18:06:40 [scrapy.utils.log] INFO: Overridden settings: {'DOWNLOAD_TIMEOUT': 360, 'NEWSPIDER_MODULE': 'mga.spiders', 'SPIDER_MODULES': ['mga.spiders'], 'LOG_FILE': 'license.log', 'BOT_NAME': 'mga'}
2018-03-08 18:06:40 [scrapy.middleware] INFO: Enabled extensions:
['scrapy.extensions.logstats.LogStats',
 'scrapy.extensions.telnet.TelnetConsole',
 'scrapy.extensions.corestats.CoreStats']
2018-03-08 18:06:40 [scrapy.middleware] INFO: Enabled downloader middlewares:
['scrapy.downloadermiddlewares.httpauth.HttpAuthMiddleware',
 'scrapy.downloadermiddlewares.downloadtimeout.DownloadTimeoutMiddleware',
 'scrapy.downloadermiddlewares.defaultheaders.DefaultHeadersMiddleware',
 'scrapy.downloadermiddlewares.useragent.UserAgentMiddleware',
 'scrapy.downloadermiddlewares.retry.RetryMiddleware',
 'scrapy.downloadermiddlewares.redirect.MetaRefreshMiddleware',
 'scrapy.downloadermiddlewares.httpcompression.HttpCompressionMiddleware',
 'scrapy.downloadermiddlewares.redirect.RedirectMiddleware',
 'scrapy.downloadermiddlewares.cookies.CookiesMiddleware',
 'scrapy.downloadermiddlewares.httpproxy.HttpProxyMiddleware',
 'scrapy.downloadermiddlewares.stats.DownloaderStats']
2018-03-08 18:06:40 [scrapy.middleware] INFO: Enabled spider middlewares:
['scrapy.spidermiddlewares.httperror.HttpErrorMiddleware',
 'scrapy.spidermiddlewares.offsite.OffsiteMiddleware',
 'scrapy.spidermiddlewares.referer.RefererMiddleware',
 'scrapy.spidermiddlewares.urllength.UrlLengthMiddleware',
 'scrapy.spidermiddlewares.depth.DepthMiddleware']
2018-03-08 18:06:41 [scrapy.middleware] INFO: Enabled item pipelines:
['mga.pipelines.MgaPipeline', 'mga.pipelines.MgaPipelineJson']
2018-03-08 18:06:41 [scrapy.core.engine] INFO: Spider opened
2018-03-08 18:06:41 [scrapy.extensions.logstats] INFO: Crawled 0 pages (at 0 pages/min), scraped 0 items (at 0 items/min)
2018-03-08 18:06:41 [scrapy.extensions.telnet] DEBUG: Telnet console listening on 127.0.0.1:6023
2018-03-08 18:07:08 [scrapy.core.engine] DEBUG: Crawled (200) <GET https://searchintegration.mga.org.mt/Results.aspx?Licencee=&Class=&Status=Licensed&URL=> (referer: https://searchintegration.mga.org.mt/)
2018-03-08 18:07:08 [scrapy.core.engine] INFO: Closing spider (finished)
2018-03-08 18:07:08 [scrapy.statscollectors] INFO: Dumping Scrapy stats:
{'downloader/request_bytes': 497,
 'downloader/request_count': 1,
 'downloader/request_method_count/GET': 1,
 'downloader/response_bytes': 52210,
 'downloader/response_count': 1,
 'downloader/response_status_count/200': 1,
 'finish_reason': 'finished',
 'finish_time': datetime.datetime(2018, 3, 8, 10, 7, 8, 475000),
 'log_count/DEBUG': 2,
 'log_count/INFO': 7,
 'response_received_count': 1,
 'scheduler/dequeued': 1,
 'scheduler/dequeued/memory': 1,
 'scheduler/enqueued': 1,
 'scheduler/enqueued/memory': 1,
 'start_time': datetime.datetime(2018, 3, 8, 10, 6, 41, 66000)}
2018-03-08 18:07:08 [scrapy.core.engine] INFO: Spider closed (finished)
2018-03-08 18:08:54 [scrapy.utils.log] INFO: Scrapy 1.4.0 started (bot: mga)
2018-03-08 18:08:54 [scrapy.utils.log] INFO: Overridden settings: {'NEWSPIDER_MODULE': 'mga.spiders', 'SPIDER_MODULES': ['mga.spiders'], 'BOT_NAME': 'mga', 'DOWNLOAD_TIMEOUT': 360, 'USER_AGENT': 'Mozilla/5.0 (Windows NT 10.0; Win64; x64) AppleWebKit/537.36 (KHTML, like Gecko) Chrome/63.0.3239.84 Safari/537.36', 'LOG_FILE': 'license.log'}
2018-03-08 18:08:54 [scrapy.middleware] INFO: Enabled extensions:
['scrapy.extensions.logstats.LogStats',
 'scrapy.extensions.telnet.TelnetConsole',
 'scrapy.extensions.corestats.CoreStats']
2018-03-08 18:08:55 [scrapy.middleware] INFO: Enabled downloader middlewares:
['scrapy.downloadermiddlewares.httpauth.HttpAuthMiddleware',
 'scrapy.downloadermiddlewares.downloadtimeout.DownloadTimeoutMiddleware',
 'scrapy.downloadermiddlewares.defaultheaders.DefaultHeadersMiddleware',
 'scrapy.downloadermiddlewares.useragent.UserAgentMiddleware',
 'scrapy.downloadermiddlewares.retry.RetryMiddleware',
 'scrapy.downloadermiddlewares.redirect.MetaRefreshMiddleware',
 'scrapy.downloadermiddlewares.httpcompression.HttpCompressionMiddleware',
 'scrapy.downloadermiddlewares.redirect.RedirectMiddleware',
 'scrapy.downloadermiddlewares.cookies.CookiesMiddleware',
 'scrapy.downloadermiddlewares.httpproxy.HttpProxyMiddleware',
 'scrapy.downloadermiddlewares.stats.DownloaderStats']
2018-03-08 18:08:55 [scrapy.middleware] INFO: Enabled spider middlewares:
['scrapy.spidermiddlewares.httperror.HttpErrorMiddleware',
 'scrapy.spidermiddlewares.offsite.OffsiteMiddleware',
 'scrapy.spidermiddlewares.referer.RefererMiddleware',
 'scrapy.spidermiddlewares.urllength.UrlLengthMiddleware',
 'scrapy.spidermiddlewares.depth.DepthMiddleware']
2018-03-08 18:08:55 [scrapy.middleware] INFO: Enabled item pipelines:
['mga.pipelines.MgaPipeline', 'mga.pipelines.MgaPipelineJson']
2018-03-08 18:08:55 [scrapy.core.engine] INFO: Spider opened
2018-03-08 18:08:55 [scrapy.extensions.logstats] INFO: Crawled 0 pages (at 0 pages/min), scraped 0 items (at 0 items/min)
2018-03-08 18:08:55 [scrapy.extensions.telnet] DEBUG: Telnet console listening on 127.0.0.1:6023
2018-03-08 18:09:19 [scrapy.core.engine] DEBUG: Crawled (200) <GET https://searchintegration.mga.org.mt/Results.aspx?Licencee=&Class=&Status=Licensed&URL=> (referer: https://searchintegration.mga.org.mt/)
2018-03-08 18:09:19 [scrapy.core.engine] INFO: Closing spider (finished)
2018-03-08 18:09:19 [scrapy.statscollectors] INFO: Dumping Scrapy stats:
{'downloader/request_bytes': 497,
 'downloader/request_count': 1,
 'downloader/request_method_count/GET': 1,
 'downloader/response_bytes': 52210,
 'downloader/response_count': 1,
 'downloader/response_status_count/200': 1,
 'finish_reason': 'finished',
 'finish_time': datetime.datetime(2018, 3, 8, 10, 9, 19, 311000),
 'log_count/DEBUG': 2,
 'log_count/INFO': 7,
 'response_received_count': 1,
 'scheduler/dequeued': 1,
 'scheduler/dequeued/memory': 1,
 'scheduler/enqueued': 1,
 'scheduler/enqueued/memory': 1,
 'start_time': datetime.datetime(2018, 3, 8, 10, 8, 55, 650000)}
2018-03-08 18:09:19 [scrapy.core.engine] INFO: Spider closed (finished)
2018-03-08 18:12:36 [scrapy.utils.log] INFO: Scrapy 1.4.0 started (bot: mga)
2018-03-08 18:12:36 [scrapy.utils.log] INFO: Overridden settings: {'DOWNLOAD_TIMEOUT': 360, 'NEWSPIDER_MODULE': 'mga.spiders', 'SPIDER_MODULES': ['mga.spiders'], 'LOG_FILE': 'license.log', 'BOT_NAME': 'mga'}
2018-03-08 18:12:36 [scrapy.middleware] INFO: Enabled extensions:
['scrapy.extensions.logstats.LogStats',
 'scrapy.extensions.telnet.TelnetConsole',
 'scrapy.extensions.corestats.CoreStats']
2018-03-08 18:12:37 [scrapy.middleware] INFO: Enabled downloader middlewares:
['scrapy.downloadermiddlewares.httpauth.HttpAuthMiddleware',
 'scrapy.downloadermiddlewares.downloadtimeout.DownloadTimeoutMiddleware',
 'scrapy.downloadermiddlewares.defaultheaders.DefaultHeadersMiddleware',
 'scrapy.downloadermiddlewares.useragent.UserAgentMiddleware',
 'scrapy.downloadermiddlewares.retry.RetryMiddleware',
 'scrapy.downloadermiddlewares.redirect.MetaRefreshMiddleware',
 'scrapy.downloadermiddlewares.httpcompression.HttpCompressionMiddleware',
 'scrapy.downloadermiddlewares.redirect.RedirectMiddleware',
 'scrapy.downloadermiddlewares.cookies.CookiesMiddleware',
 'scrapy.downloadermiddlewares.httpproxy.HttpProxyMiddleware',
 'scrapy.downloadermiddlewares.stats.DownloaderStats']
2018-03-08 18:12:37 [scrapy.middleware] INFO: Enabled spider middlewares:
['scrapy.spidermiddlewares.httperror.HttpErrorMiddleware',
 'scrapy.spidermiddlewares.offsite.OffsiteMiddleware',
 'scrapy.spidermiddlewares.referer.RefererMiddleware',
 'scrapy.spidermiddlewares.urllength.UrlLengthMiddleware',
 'scrapy.spidermiddlewares.depth.DepthMiddleware']
2018-03-08 18:12:37 [scrapy.middleware] INFO: Enabled item pipelines:
['mga.pipelines.MgaPipeline', 'mga.pipelines.MgaPipelineJson']
2018-03-08 18:12:37 [scrapy.core.engine] INFO: Spider opened
2018-03-08 18:12:37 [scrapy.extensions.logstats] INFO: Crawled 0 pages (at 0 pages/min), scraped 0 items (at 0 items/min)
2018-03-08 18:12:37 [scrapy.extensions.telnet] DEBUG: Telnet console listening on 127.0.0.1:6023
2018-03-08 18:13:05 [scrapy.core.engine] DEBUG: Crawled (200) <GET https://searchintegration.mga.org.mt/Results.aspx?Licencee=&Class=&Status=Licensed&URL=> (referer: https://searchintegration.mga.org.mt/)
2018-03-08 18:13:05 [scrapy.core.engine] INFO: Closing spider (finished)
2018-03-08 18:13:05 [scrapy.statscollectors] INFO: Dumping Scrapy stats:
{'downloader/request_bytes': 497,
 'downloader/request_count': 1,
 'downloader/request_method_count/GET': 1,
 'downloader/response_bytes': 52210,
 'downloader/response_count': 1,
 'downloader/response_status_count/200': 1,
 'finish_reason': 'finished',
 'finish_time': datetime.datetime(2018, 3, 8, 10, 13, 5, 828000),
 'log_count/DEBUG': 2,
 'log_count/INFO': 7,
 'response_received_count': 1,
 'scheduler/dequeued': 1,
 'scheduler/dequeued/memory': 1,
 'scheduler/enqueued': 1,
 'scheduler/enqueued/memory': 1,
 'start_time': datetime.datetime(2018, 3, 8, 10, 12, 37, 132000)}
2018-03-08 18:13:05 [scrapy.core.engine] INFO: Spider closed (finished)
2018-03-08 18:23:31 [scrapy.utils.log] INFO: Scrapy 1.4.0 started (bot: mga)
2018-03-08 18:23:31 [scrapy.utils.log] INFO: Overridden settings: {'DOWNLOAD_TIMEOUT': 360, 'NEWSPIDER_MODULE': 'mga.spiders', 'SPIDER_MODULES': ['mga.spiders'], 'LOG_FILE': 'license.log', 'BOT_NAME': 'mga'}
2018-03-08 18:23:31 [scrapy.middleware] INFO: Enabled extensions:
['scrapy.extensions.logstats.LogStats',
 'scrapy.extensions.telnet.TelnetConsole',
 'scrapy.extensions.corestats.CoreStats']
2018-03-08 18:23:32 [scrapy.middleware] INFO: Enabled downloader middlewares:
['scrapy.downloadermiddlewares.httpauth.HttpAuthMiddleware',
 'scrapy.downloadermiddlewares.downloadtimeout.DownloadTimeoutMiddleware',
 'scrapy.downloadermiddlewares.defaultheaders.DefaultHeadersMiddleware',
 'scrapy.downloadermiddlewares.useragent.UserAgentMiddleware',
 'scrapy.downloadermiddlewares.retry.RetryMiddleware',
 'scrapy.downloadermiddlewares.redirect.MetaRefreshMiddleware',
 'scrapy.downloadermiddlewares.httpcompression.HttpCompressionMiddleware',
 'scrapy.downloadermiddlewares.redirect.RedirectMiddleware',
 'scrapy.downloadermiddlewares.cookies.CookiesMiddleware',
 'scrapy.downloadermiddlewares.httpproxy.HttpProxyMiddleware',
 'scrapy.downloadermiddlewares.stats.DownloaderStats']
2018-03-08 18:23:32 [scrapy.middleware] INFO: Enabled spider middlewares:
['scrapy.spidermiddlewares.httperror.HttpErrorMiddleware',
 'scrapy.spidermiddlewares.offsite.OffsiteMiddleware',
 'scrapy.spidermiddlewares.referer.RefererMiddleware',
 'scrapy.spidermiddlewares.urllength.UrlLengthMiddleware',
 'scrapy.spidermiddlewares.depth.DepthMiddleware']
2018-03-08 18:23:32 [scrapy.middleware] INFO: Enabled item pipelines:
['mga.pipelines.MgaPipeline', 'mga.pipelines.MgaPipelineJson']
2018-03-08 18:23:32 [scrapy.core.engine] INFO: Spider opened
2018-03-08 18:23:32 [scrapy.extensions.logstats] INFO: Crawled 0 pages (at 0 pages/min), scraped 0 items (at 0 items/min)
2018-03-08 18:23:32 [scrapy.extensions.telnet] DEBUG: Telnet console listening on 127.0.0.1:6023
2018-03-08 18:23:57 [scrapy.core.engine] DEBUG: Crawled (200) <GET https://searchintegration.mga.org.mt/Results.aspx?Licencee=&Class=&Status=Licensed&URL=> (referer: https://searchintegration.mga.org.mt/)
2018-03-08 18:23:57 [scrapy.core.engine] INFO: Closing spider (finished)
2018-03-08 18:23:57 [scrapy.statscollectors] INFO: Dumping Scrapy stats:
{'downloader/request_bytes': 497,
 'downloader/request_count': 1,
 'downloader/request_method_count/GET': 1,
 'downloader/response_bytes': 52210,
 'downloader/response_count': 1,
 'downloader/response_status_count/200': 1,
 'finish_reason': 'finished',
 'finish_time': datetime.datetime(2018, 3, 8, 10, 23, 57, 635000),
 'log_count/DEBUG': 2,
 'log_count/INFO': 7,
 'response_received_count': 1,
 'scheduler/dequeued': 1,
 'scheduler/dequeued/memory': 1,
 'scheduler/enqueued': 1,
 'scheduler/enqueued/memory': 1,
 'start_time': datetime.datetime(2018, 3, 8, 10, 23, 32, 372000)}
2018-03-08 18:23:57 [scrapy.core.engine] INFO: Spider closed (finished)
